情報: Serverのバージョン名:     Apache Tomcat/9.0.41 [水 1月 13 19:51:42 JST 2021]
情報: Server ビルド:            Dec 3 2020 11:43:00 UTC [水 1月 13 19:51:42 JST 2021]
情報: サーバーのバージョン番号: 9.0.41.0 [水 1月 13 19:51:42 JST 2021]
情報: OS 名:                    Windows 10 [水 1月 13 19:51:42 JST 2021]
情報: OS バージョン:            10.0 [水 1月 13 19:51:42 JST 2021]
情報: アーキテクチャ:           amd64 [水 1月 13 19:51:42 JST 2021]
情報: Java Home:                C:\Users\tyure\Downloads\pleiades\eclipse\jre [水 1月 13 19:51:42 JST 2021]
情報: JVM バージョン:           11.0.9+11 [水 1月 13 19:51:42 JST 2021]
情報: JVM ベンダ:               AdoptOpenJDK [水 1月 13 19:51:42 JST 2021]
情報: CATALINA_BASE:            C:\Users\tyure\OneDrive\デスクトップ\LetsEngineer\curriculum\JavaStudy\.metadata\.plugins\org.eclipse.wst.server.core\tmp0 [水 1月 13 19:51:42 JST 2021]
情報: CATALINA_HOME:            C:\Users\tyure\Downloads\pleiades\tomcat\9 [水 1月 13 19:51:42 JST 2021]
情報: コマンドライン引数:       -Dcatalina.base=C:\Users\tyure\OneDrive\デスクトップ\LetsEngineer\curriculum\JavaStudy\.metadata\.plugins\org.eclipse.wst.server.core\tmp0 [水 1月 13 19:51:42 JST 2021]
情報: コマンドライン引数:       -Dcatalina.home=C:\Users\tyure\Downloads\pleiades\tomcat\9 [水 1月 13 19:51:42 JST 2021]
情報: コマンドライン引数:       -Dwtp.deploy=C:\Users\tyure\OneDrive\デスクトップ\LetsEngineer\curriculum\JavaStudy\.metadata\.plugins\org.eclipse.wst.server.core\tmp0\wtpwebapps [水 1月 13 19:51:42 JST 2021]
情報: コマンドライン引数:       -Dfile.encoding=UTF-8 [水 1月 13 19:51:42 JST 2021]
情報: 商用環境に最適な性能を発揮する APR ベースの Tomcat ネイティブライブラリが java.library.path [C:\Users\tyure\Downloads\pleiades\eclipse\jre\bin;C:\Windows\Sun\Java\bin;C:\Windows\system32;C:\Windows;C:/Users/tyure/Downloads/pleiades/eclipse//jre/bin/server;C:/Users/tyure/Downloads/pleiades/eclipse//jre/bin;C:\Program Files\Common Files\Oracle\Java\javapath;C:\Windows\system32;C:\Windows;C:\Windows\System32\Wbem;C:\Windows\System32\WindowsPowerShell\v1.0\;C:\Windows\System32\OpenSSH\;C:\Program Files\Java\jdk-15.0.1\bin;C:\Program Files\Git\cmd;C:\Users\tyure\AppData\Local\Microsoft\WindowsApps;C:\Users\tyure\AppData\Local\Programs\Microsoft VS Code\bin;C:\Users\tyure\AppData\Local\GitHubDesktop\bin;C:\Users\tyure\Downloads\pleiades\eclipse;;.] に存在しません。 [水 1月 13 19:51:42 JST 2021]
情報: プロトコルハンドラ ["http-nio-8080"] を初期化します。 [水 1月 13 19:51:42 JST 2021]
情報: サーバーの初期化 [1194]ms [水 1月 13 19:51:43 JST 2021]
情報: サービス [Catalina] を起動します [水 1月 13 19:51:43 JST 2021]
情報: サーブレットエンジンの起動：[Apache Tomcat/9.0.41] [水 1月 13 19:51:43 JST 2021]
警告: セッション ID を生成するための SecureRandom インスタンスの作成に [141] ミリ秒かかりました。アルゴリズムは [SHA1PRNG] です。 [水 1月 13 19:51:43 JST 2021]
情報: 少なくとも1つのJARが、まだTLDを含んでいないTLDについてスキャンされました。 スキャンしたが、そこにTLDが見つからなかったJARの完全なリストについては、このロガーのデバッグログを有効にしてください。 スキャン中に不要なJARをスキップすると、起動時間とJSPのコンパイル時間が改善されます。 [水 1月 13 19:51:44 JST 2021]
情報: プロトコルハンドラー ["http-nio-8080"] を開始しました。 [水 1月 13 19:51:44 JST 2021]
情報: サーバーの起動 [1203]ms [水 1月 13 19:51:44 JST 2021]
